{
  "stats": {
    "suites": 1,
    "tests": 1,
    "passes": 0,
    "pending": 0,
    "failures": 1,
    "start": "2020-12-27T05:04:12.213Z",
    "end": "2020-12-27T05:04:12.230Z",
    "duration": 17,
    "testsRegistered": 1,
    "passPercent": 0,
    "pendingPercent": 0,
    "other": 0,
    "hasOther": false,
    "skipped": 0,
    "hasSkipped": false
  },
  "results": [
    {
      "uuid": "54e90fb2-6732-452d-8cc5-583fa4d8fea6",
      "title": "",
      "fullFile": "",
      "file": "",
      "beforeHooks": [],
      "afterHooks": [],
      "tests": [],
      "suites": [
        {
          "uuid": "2ad88c1a-b761-4942-aa28-599123f4dd4d",
          "title": "Node服务自动化测试脚本",
          "fullFile": "/Users/demigodliu/个人项目/qa/tests/service/router.spec.js",
          "file": "/tests/service/router.spec.js",
          "beforeHooks": [],
          "afterHooks": [],
          "tests": [
            {
              "title": "404测试",
              "fullTitle": "Node服务自动化测试脚本 404测试",
              "timedOut": false,
              "duration": 1,
              "state": "failed",
              "speed": null,
              "pass": false,
              "fail": true,
              "pending": false,
              "context": null,
              "code": "axios.get(\"http://localhost/xx\").then(function (response) {\n    console.log(response)\n}).catch(error)\n{\n    done(error);\n}",
              "err": {
                "message": "ReferenceError: error is not defined",
                "estack": "ReferenceError: error is not defined\n    at Context.<anonymous> (tests/service/router.spec.js:10:18)\n    at processImmediate (internal/timers.js:461:21)",
                "diff": null
              },
              "uuid": "85ac333e-aecf-46f4-8510-2f62fa966ff3",
              "parentUUID": "2ad88c1a-b761-4942-aa28-599123f4dd4d",
              "isHook": false,
              "skipped": false
            }
          ],
          "suites": [],
          "passes": [],
          "failures": [
            "85ac333e-aecf-46f4-8510-2f62fa966ff3"
          ],
          "pending": [],
          "skipped": [],
          "duration": 1,
          "root": false,
          "rootEmpty": false,
          "_timeout": 2000
        }
      ],
      "passes": [],
      "failures": [],
      "pending": [],
      "skipped": [],
      "duration": 0,
      "root": true,
      "rootEmpty": true,
      "_timeout": 2000
    }
  ],
  "meta": {
    "mocha": {
      "version": "8.2.1"
    },
    "mochawesome": {
      "options": {
        "quiet": true,
        "reportFilename": "mochawesome",
        "saveHtml": true,
        "saveJson": true,
        "consoleReporter": "spec",
        "useInlineDiffs": false,
        "code": true
      },
      "version": "6.2.1"
    },
    "marge": {
      "options": {
        "reportDir": "./docs/mochawesome-report",
        "quiet": true
      },
      "version": "5.1.0"
    }
  }
}